This file contains any messages produced by compilers while
running configure, to aid debugging if configure makes a mistake.

It was created by SHTns configure 2.6.5, which was
generated by GNU Autoconf 2.69.  Invocation command line was

  $ ./configure --prefix=/scratch3/BMC/fim/wang/pattern/libs/shtns-2.6.6-r535

## --------- ##
## Platform. ##
## --------- ##

hostname = tfe07
uname -m = x86_64
uname -r = 2.6.32-431.29.2.el6.x86_64
uname -s = Linux
uname -v = #1 SMP Sun Jul 27 15:55:46 EDT 2014

/usr/bin/uname -p = unknown
/bin/uname -X     = unknown

/bin/arch              = x86_64
/usr/bin/arch -k       = unknown
/usr/convex/getsysinfo = unknown
/usr/bin/hostinfo      = unknown
/bin/machine           = unknown
/usr/bin/oslevel       = unknown
/bin/universe          = unknown

PATH: /apps/intel/composer_xe_2013_sp1.2.144/mpirt/bin/intel64
PATH: /apps/intel/composer_xe_2013_sp1.2.144/bin/intel64
PATH: /apps/intel/composer_xe_2013_sp1.2.144/debugger/gdb/intel64_mic/py27/py27/bin
PATH: /apps/intel/composer_xe_2013_sp1.2.144/debugger/gdb/intel64/py27/bin
PATH: /apps/intel/composer_xe_2013_sp1.2.144/debugger/gui/intel64
PATH: /apps/intel/composer_xe_2013_sp1.2.144/bin/intel64_mic
PATH: /apps/intel/composer_xe_2013_sp1.2.144/bin/intel64
PATH: /home/Ning.Wang/bin
PATH: /usr/lib64/qt-3.3/bin
PATH: /usr/local/bin
PATH: /bin
PATH: /usr/bin
PATH: /apps/moab/default/moab/tools
PATH: /apps/moab/default/bin
PATH: /apps/moab/default/sbin
PATH: /apps/torque/default/bin
PATH: /apps/torque/default/sbin
PATH: /apps/mam/default/bin
PATH: /apps/mam/default/sbin
PATH: /apps/local/bin
PATH: /apps/local/sbin
PATH: /usr/local/bin
PATH: /usr/freeware/bin
PATH: /usr/sbin
PATH: /usr/bsd
PATH: /sbin
PATH: /usr/bin
PATH: /bin
PATH: /etc
PATH: /usr/etc
PATH: /usr/bin/X11
PATH: /usr/local/Office51/bin
PATH: /opt/cuda/2.0beta2/cuda/bin
PATH: .


## ----------- ##
## Core tests. ##
## ----------- ##

configure:2368: checking for gcc
configure:2384: found /usr/bin/gcc
configure:2395: result: gcc
configure:2624: checking for C compiler version
configure:2633: gcc --version >&5
gcc (GCC) 4.4.7 20120313 (Red Hat 4.4.7-16)
Copyright (C) 2010 Free Software Foundation, Inc.
This is free software; see the source for copying conditions.  There is NO
warranty; not even for MERCHANTABILITY or FITNESS FOR A PARTICULAR PURPOSE.

configure:2644: $? = 0
configure:2633: gcc -v >&5
Using built-in specs.
Target: x86_64-redhat-linux
Configured with: ../configure --prefix=/usr --mandir=/usr/share/man --infodir=/usr/share/info --with-bugurl=http://bugzilla.redhat.com/bugzilla --enable-bootstrap --enable-shared --enable-threads=posix --enable-checking=release --with-system-zlib --enable-__cxa_atexit --disable-libunwind-exceptions --enable-gnu-unique-object --enable-languages=c,c++,objc,obj-c++,java,fortran,ada --enable-java-awt=gtk --disable-dssi --with-java-home=/usr/lib/jvm/java-1.5.0-gcj-1.5.0.0/jre --enable-libgcj-multifile --enable-java-maintainer-mode --with-ecj-jar=/usr/share/java/eclipse-ecj.jar --disable-libjava-multilib --with-ppl --with-cloog --with-tune=generic --with-arch_32=i686 --build=x86_64-redhat-linux
Thread model: posix
gcc version 4.4.7 20120313 (Red Hat 4.4.7-16) (GCC) 
configure:2644: $? = 0
configure:2633: gcc -V >&5
gcc: '-V' option must have argument
configure:2644: $? = 1
configure:2633: gcc -qversion >&5
gcc: unrecognized option '-qversion'
gcc: no input files
configure:2644: $? = 1
configure:2664: checking whether the C compiler works
configure:2686: gcc -O2 -I/scratch3/BMC/fim/wang/pattern/libs/shtns-2.6.6-r535/include -L/scratch3/BMC/fim/wang/pattern/libs/shtns-2.6.6-r535/lib   conftest.c  >&5
configure:2690: $? = 0
configure:2738: result: yes
configure:2741: checking for C compiler default output file name
configure:2743: result: a.out
configure:2749: checking for suffix of executables
configure:2756: gcc -o conftest -O2 -I/scratch3/BMC/fim/wang/pattern/libs/shtns-2.6.6-r535/include -L/scratch3/BMC/fim/wang/pattern/libs/shtns-2.6.6-r535/lib   conftest.c  >&5
configure:2760: $? = 0
configure:2782: result: 
configure:2804: checking whether we are cross compiling
configure:2812: gcc -o conftest -O2 -I/scratch3/BMC/fim/wang/pattern/libs/shtns-2.6.6-r535/include -L/scratch3/BMC/fim/wang/pattern/libs/shtns-2.6.6-r535/lib   conftest.c  >&5
configure:2816: $? = 0
configure:2823: ./conftest
configure:2827: $? = 0
configure:2842: result: no
configure:2847: checking for suffix of object files
configure:2869: gcc -c -O2 -I/scratch3/BMC/fim/wang/pattern/libs/shtns-2.6.6-r535/include -L/scratch3/BMC/fim/wang/pattern/libs/shtns-2.6.6-r535/lib  conftest.c >&5
configure:2873: $? = 0
configure:2894: result: o
configure:2898: checking whether we are using the GNU C compiler
configure:2917: gcc -c -O2 -I/scratch3/BMC/fim/wang/pattern/libs/shtns-2.6.6-r535/include -L/scratch3/BMC/fim/wang/pattern/libs/shtns-2.6.6-r535/lib  conftest.c >&5
configure:2917: $? = 0
configure:2926: result: yes
configure:2935: checking whether gcc accepts -g
configure:2955: gcc -c -g  conftest.c >&5
configure:2955: $? = 0
configure:2996: result: yes
configure:3013: checking for gcc option to accept ISO C89
configure:3076: gcc  -c -O2 -I/scratch3/BMC/fim/wang/pattern/libs/shtns-2.6.6-r535/include -L/scratch3/BMC/fim/wang/pattern/libs/shtns-2.6.6-r535/lib  conftest.c >&5
configure:3076: $? = 0
configure:3089: result: none needed
configure:3109: checking for a sed that does not truncate output
configure:3173: result: /bin/sed
configure:3188: checking whether C compiler accepts -march=native
configure:3207: gcc -c -O2 -I/scratch3/BMC/fim/wang/pattern/libs/shtns-2.6.6-r535/include -L/scratch3/BMC/fim/wang/pattern/libs/shtns-2.6.6-r535/lib  -march=native  conftest.c >&5
configure:3207: $? = 0
configure:3215: result: yes
configure:3305: checking whether C compiler accepts -ffast-math
configure:3324: gcc -march=native -c -O2 -I/scratch3/BMC/fim/wang/pattern/libs/shtns-2.6.6-r535/include -L/scratch3/BMC/fim/wang/pattern/libs/shtns-2.6.6-r535/lib  -ffast-math  conftest.c >&5
configure:3324: $? = 0
configure:3332: result: yes
configure:3340: checking whether C compiler accepts -fomit-frame-pointer
configure:3359: gcc -march=native -c -O2 -I/scratch3/BMC/fim/wang/pattern/libs/shtns-2.6.6-r535/include -L/scratch3/BMC/fim/wang/pattern/libs/shtns-2.6.6-r535/lib -ffast-math  -fomit-frame-pointer  conftest.c >&5
configure:3359: $? = 0
configure:3367: result: yes
configure:3375: checking whether C compiler accepts -std=gnu99
configure:3394: gcc -march=native -c -O2 -I/scratch3/BMC/fim/wang/pattern/libs/shtns-2.6.6-r535/include -L/scratch3/BMC/fim/wang/pattern/libs/shtns-2.6.6-r535/lib -ffast-math -fomit-frame-pointer  -std=gnu99  conftest.c >&5
configure:3394: $? = 0
configure:3402: result: yes
configure:3417: checking how to run the C preprocessor
configure:3448: gcc -march=native -E  conftest.c
configure:3448: $? = 0
configure:3462: gcc -march=native -E  conftest.c
conftest.c:9:28: error: ac_nonexistent.h: No such file or directory
configure:3462: $? = 1
configure: failed program was:
| /* confdefs.h */
| #define PACKAGE_NAME "SHTns"
| #define PACKAGE_TARNAME "shtns"
| #define PACKAGE_VERSION "2.6.5"
| #define PACKAGE_STRING "SHTns 2.6.5"
| #define PACKAGE_BUGREPORT ""
| #define PACKAGE_URL "https://bitbucket.org/nschaeff/shtns"
| /* end confdefs.h.  */
| #include <ac_nonexistent.h>
configure:3487: result: gcc -march=native -E
configure:3507: gcc -march=native -E  conftest.c
configure:3507: $? = 0
configure:3521: gcc -march=native -E  conftest.c
conftest.c:9:28: error: ac_nonexistent.h: No such file or directory
configure:3521: $? = 1
configure: failed program was:
| /* confdefs.h */
| #define PACKAGE_NAME "SHTns"
| #define PACKAGE_TARNAME "shtns"
| #define PACKAGE_VERSION "2.6.5"
| #define PACKAGE_STRING "SHTns 2.6.5"
| #define PACKAGE_BUGREPORT ""
| #define PACKAGE_URL "https://bitbucket.org/nschaeff/shtns"
| /* end confdefs.h.  */
| #include <ac_nonexistent.h>
configure:3550: checking for grep that handles long lines and -e
configure:3608: result: /bin/grep
configure:3613: checking for egrep
configure:3675: result: /bin/grep -E
configure:3697: checking for ANSI C header files
configure:3717: gcc -march=native -c -O2 -I/scratch3/BMC/fim/wang/pattern/libs/shtns-2.6.6-r535/include -L/scratch3/BMC/fim/wang/pattern/libs/shtns-2.6.6-r535/lib -ffast-math -fomit-frame-pointer -std=gnu99  conftest.c >&5
configure:3717: $? = 0
configure:3790: gcc -march=native -o conftest -O2 -I/scratch3/BMC/fim/wang/pattern/libs/shtns-2.6.6-r535/include -L/scratch3/BMC/fim/wang/pattern/libs/shtns-2.6.6-r535/lib -ffast-math -fomit-frame-pointer -std=gnu99   conftest.c  >&5
configure:3790: $? = 0
configure:3790: ./conftest
configure:3790: $? = 0
configure:3801: result: yes
configure:3814: checking for sys/types.h
configure:3814: gcc -march=native -c -O2 -I/scratch3/BMC/fim/wang/pattern/libs/shtns-2.6.6-r535/include -L/scratch3/BMC/fim/wang/pattern/libs/shtns-2.6.6-r535/lib -ffast-math -fomit-frame-pointer -std=gnu99  conftest.c >&5
configure:3814: $? = 0
configure:3814: result: yes
configure:3814: checking for sys/stat.h
configure:3814: gcc -march=native -c -O2 -I/scratch3/BMC/fim/wang/pattern/libs/shtns-2.6.6-r535/include -L/scratch3/BMC/fim/wang/pattern/libs/shtns-2.6.6-r535/lib -ffast-math -fomit-frame-pointer -std=gnu99  conftest.c >&5
configure:3814: $? = 0
configure:3814: result: yes
configure:3814: checking for stdlib.h
configure:3814: gcc -march=native -c -O2 -I/scratch3/BMC/fim/wang/pattern/libs/shtns-2.6.6-r535/include -L/scratch3/BMC/fim/wang/pattern/libs/shtns-2.6.6-r535/lib -ffast-math -fomit-frame-pointer -std=gnu99  conftest.c >&5
configure:3814: $? = 0
configure:3814: result: yes
configure:3814: checking for string.h
configure:3814: gcc -march=native -c -O2 -I/scratch3/BMC/fim/wang/pattern/libs/shtns-2.6.6-r535/include -L/scratch3/BMC/fim/wang/pattern/libs/shtns-2.6.6-r535/lib -ffast-math -fomit-frame-pointer -std=gnu99  conftest.c >&5
configure:3814: $? = 0
configure:3814: result: yes
configure:3814: checking for memory.h
configure:3814: gcc -march=native -c -O2 -I/scratch3/BMC/fim/wang/pattern/libs/shtns-2.6.6-r535/include -L/scratch3/BMC/fim/wang/pattern/libs/shtns-2.6.6-r535/lib -ffast-math -fomit-frame-pointer -std=gnu99  conftest.c >&5
configure:3814: $? = 0
configure:3814: result: yes
configure:3814: checking for strings.h
configure:3814: gcc -march=native -c -O2 -I/scratch3/BMC/fim/wang/pattern/libs/shtns-2.6.6-r535/include -L/scratch3/BMC/fim/wang/pattern/libs/shtns-2.6.6-r535/lib -ffast-math -fomit-frame-pointer -std=gnu99  conftest.c >&5
configure:3814: $? = 0
configure:3814: result: yes
configure:3814: checking for inttypes.h
configure:3814: gcc -march=native -c -O2 -I/scratch3/BMC/fim/wang/pattern/libs/shtns-2.6.6-r535/include -L/scratch3/BMC/fim/wang/pattern/libs/shtns-2.6.6-r535/lib -ffast-math -fomit-frame-pointer -std=gnu99  conftest.c >&5
configure:3814: $? = 0
configure:3814: result: yes
configure:3814: checking for stdint.h
configure:3814: gcc -march=native -c -O2 -I/scratch3/BMC/fim/wang/pattern/libs/shtns-2.6.6-r535/include -L/scratch3/BMC/fim/wang/pattern/libs/shtns-2.6.6-r535/lib -ffast-math -fomit-frame-pointer -std=gnu99  conftest.c >&5
configure:3814: $? = 0
configure:3814: result: yes
configure:3814: checking for unistd.h
configure:3814: gcc -march=native -c -O2 -I/scratch3/BMC/fim/wang/pattern/libs/shtns-2.6.6-r535/include -L/scratch3/BMC/fim/wang/pattern/libs/shtns-2.6.6-r535/lib -ffast-math -fomit-frame-pointer -std=gnu99  conftest.c >&5
configure:3814: $? = 0
configure:3814: result: yes
configure:3829: checking for stdlib.h
configure:3829: result: yes
configure:3829: checking stdio.h usability
configure:3829: gcc -march=native -c -O2 -I/scratch3/BMC/fim/wang/pattern/libs/shtns-2.6.6-r535/include -L/scratch3/BMC/fim/wang/pattern/libs/shtns-2.6.6-r535/lib -ffast-math -fomit-frame-pointer -std=gnu99  conftest.c >&5
configure:3829: $? = 0
configure:3829: result: yes
configure:3829: checking stdio.h presence
configure:3829: gcc -march=native -E  conftest.c
configure:3829: $? = 0
configure:3829: result: yes
configure:3829: checking for stdio.h
configure:3829: result: yes
configure:3829: checking for string.h
configure:3829: result: yes
configure:3829: checking math.h usability
configure:3829: gcc -march=native -c -O2 -I/scratch3/BMC/fim/wang/pattern/libs/shtns-2.6.6-r535/include -L/scratch3/BMC/fim/wang/pattern/libs/shtns-2.6.6-r535/lib -ffast-math -fomit-frame-pointer -std=gnu99  conftest.c >&5
configure:3829: $? = 0
configure:3829: result: yes
configure:3829: checking math.h presence
configure:3829: gcc -march=native -E  conftest.c
configure:3829: $? = 0
configure:3829: result: yes
configure:3829: checking for math.h
configure:3829: result: yes
configure:3829: checking complex.h usability
configure:3829: gcc -march=native -c -O2 -I/scratch3/BMC/fim/wang/pattern/libs/shtns-2.6.6-r535/include -L/scratch3/BMC/fim/wang/pattern/libs/shtns-2.6.6-r535/lib -ffast-math -fomit-frame-pointer -std=gnu99  conftest.c >&5
configure:3829: $? = 0
configure:3829: result: yes
configure:3829: checking complex.h presence
configure:3829: gcc -march=native -E  conftest.c
configure:3829: $? = 0
configure:3829: result: yes
configure:3829: checking for complex.h
configure:3829: result: yes
configure:3841: checking for cos in -lm
configure:3866: gcc -march=native -o conftest -O2 -I/scratch3/BMC/fim/wang/pattern/libs/shtns-2.6.6-r535/include -L/scratch3/BMC/fim/wang/pattern/libs/shtns-2.6.6-r535/lib -ffast-math -fomit-frame-pointer -std=gnu99   conftest.c -lm   >&5
conftest.c:31: warning: conflicting types for built-in function 'cos'
configure:3866: $? = 0
configure:3875: result: yes
configure:3889: checking for clock_gettime in -lrt
configure:3914: gcc -march=native -o conftest -O2 -I/scratch3/BMC/fim/wang/pattern/libs/shtns-2.6.6-r535/include -L/scratch3/BMC/fim/wang/pattern/libs/shtns-2.6.6-r535/lib -ffast-math -fomit-frame-pointer -std=gnu99   conftest.c -lrt  -lm  >&5
configure:3914: $? = 0
configure:3923: result: yes
configure:4156: checking for fftw_plan_many_dft in -lfftw3
configure:4181: gcc -march=native -o conftest -O2 -I/scratch3/BMC/fim/wang/pattern/libs/shtns-2.6.6-r535/include -L/scratch3/BMC/fim/wang/pattern/libs/shtns-2.6.6-r535/lib -ffast-math -fomit-frame-pointer -std=gnu99   conftest.c -lfftw3  -lrt -lm  >&5
configure:4181: $? = 0
configure:4190: result: yes
configure:4414: checking for size_t
configure:4414: gcc -march=native -c -O2 -I/scratch3/BMC/fim/wang/pattern/libs/shtns-2.6.6-r535/include -L/scratch3/BMC/fim/wang/pattern/libs/shtns-2.6.6-r535/lib -ffast-math -fomit-frame-pointer -std=gnu99  conftest.c >&5
configure:4414: $? = 0
configure:4414: gcc -march=native -c -O2 -I/scratch3/BMC/fim/wang/pattern/libs/shtns-2.6.6-r535/include -L/scratch3/BMC/fim/wang/pattern/libs/shtns-2.6.6-r535/lib -ffast-math -fomit-frame-pointer -std=gnu99  conftest.c >&5
conftest.c: In function 'main':
conftest.c:67: error: expected expression before ')' token
configure:4414: $? = 1
configure: failed program was:
| /* confdefs.h */
| #define PACKAGE_NAME "SHTns"
| #define PACKAGE_TARNAME "shtns"
| #define PACKAGE_VERSION "2.6.5"
| #define PACKAGE_STRING "SHTns 2.6.5"
| #define PACKAGE_BUGREPORT ""
| #define PACKAGE_URL "https://bitbucket.org/nschaeff/shtns"
| #define STDC_HEADERS 1
| #define HAVE_SYS_TYPES_H 1
| #define HAVE_SYS_STAT_H 1
| #define HAVE_STDLIB_H 1
| #define HAVE_STRING_H 1
| #define HAVE_MEMORY_H 1
| #define HAVE_STRINGS_H 1
| #define HAVE_INTTYPES_H 1
| #define HAVE_STDINT_H 1
| #define HAVE_UNISTD_H 1
| #define HAVE_STDLIB_H 1
| #define HAVE_STDIO_H 1
| #define HAVE_STRING_H 1
| #define HAVE_MATH_H 1
| #define HAVE_COMPLEX_H 1
| #define HAVE_LIBM 1
| #define HAVE_LIBRT 1
| #define HAVE_LIBFFTW3 1
| #define SHT_F77_API 1
| #define _GCC_VEC_ 1
| #define SHTNS_MEM 1
| #define SHT_VERBOSE 1
| /* end confdefs.h.  */
| #include <stdio.h>
| #ifdef HAVE_SYS_TYPES_H
| # include <sys/types.h>
| #endif
| #ifdef HAVE_SYS_STAT_H
| # include <sys/stat.h>
| #endif
| #ifdef STDC_HEADERS
| # include <stdlib.h>
| # include <stddef.h>
| #else
| # ifdef HAVE_STDLIB_H
| #  include <stdlib.h>
| # endif
| #endif
| #ifdef HAVE_STRING_H
| # if !defined STDC_HEADERS && defined HAVE_MEMORY_H
| #  include <memory.h>
| # endif
| # include <string.h>
| #endif
| #ifdef HAVE_STRINGS_H
| # include <strings.h>
| #endif
| #ifdef HAVE_INTTYPES_H
| # include <inttypes.h>
| #endif
| #ifdef HAVE_STDINT_H
| # include <stdint.h>
| #endif
| #ifdef HAVE_UNISTD_H
| # include <unistd.h>
| #endif
| int
| main ()
| {
| if (sizeof ((size_t)))
| 	    return 0;
|   ;
|   return 0;
| }
configure:4414: result: yes
configure:4431: checking for fftw_cost
configure:4431: gcc -march=native -o conftest -O2 -I/scratch3/BMC/fim/wang/pattern/libs/shtns-2.6.6-r535/include -L/scratch3/BMC/fim/wang/pattern/libs/shtns-2.6.6-r535/lib -ffast-math -fomit-frame-pointer -std=gnu99   conftest.c -lfftw3 -lrt -lm  >&5
/tmp/cch41R1m.o: In function `main':
conftest.c:(.text+0x7): undefined reference to `fftw_cost'
collect2: ld returned 1 exit status
configure:4431: $? = 1
configure: failed program was:
| /* confdefs.h */
| #define PACKAGE_NAME "SHTns"
| #define PACKAGE_TARNAME "shtns"
| #define PACKAGE_VERSION "2.6.5"
| #define PACKAGE_STRING "SHTns 2.6.5"
| #define PACKAGE_BUGREPORT ""
| #define PACKAGE_URL "https://bitbucket.org/nschaeff/shtns"
| #define STDC_HEADERS 1
| #define HAVE_SYS_TYPES_H 1
| #define HAVE_SYS_STAT_H 1
| #define HAVE_STDLIB_H 1
| #define HAVE_STRING_H 1
| #define HAVE_MEMORY_H 1
| #define HAVE_STRINGS_H 1
| #define HAVE_INTTYPES_H 1
| #define HAVE_STDINT_H 1
| #define HAVE_UNISTD_H 1
| #define HAVE_STDLIB_H 1
| #define HAVE_STDIO_H 1
| #define HAVE_STRING_H 1
| #define HAVE_MATH_H 1
| #define HAVE_COMPLEX_H 1
| #define HAVE_LIBM 1
| #define HAVE_LIBRT 1
| #define HAVE_LIBFFTW3 1
| #define SHT_F77_API 1
| #define _GCC_VEC_ 1
| #define SHTNS_MEM 1
| #define SHT_VERBOSE 1
| /* end confdefs.h.  */
| /* Define fftw_cost to an innocuous variant, in case <limits.h> declares fftw_cost.
|    For example, HP-UX 11i <limits.h> declares gettimeofday.  */
| #define fftw_cost innocuous_fftw_cost
| 
| /* System header to define __stub macros and hopefully few prototypes,
|     which can conflict with char fftw_cost (); below.
|     Prefer <limits.h> to <assert.h> if __STDC__ is defined, since
|     <limits.h> exists even on freestanding compilers.  */
| 
| #ifdef __STDC__
| # include <limits.h>
| #else
| # include <assert.h>
| #endif
| 
| #undef fftw_cost
| 
| /* Override any GCC internal prototype to avoid an error.
|    Use char because int might match the return type of a GCC
|    builtin and then its argument prototype would still apply.  */
| #ifdef __cplusplus
| extern "C"
| #endif
| char fftw_cost ();
| /* The GNU C library defines this for functions which it implements
|     to always fail with ENOSYS.  Some functions are actually named
|     something starting with __ and the normal name is an alias.  */
| #if defined __stub_fftw_cost || defined __stub___fftw_cost
| choke me
| #endif
| 
| int
| main ()
| {
| return fftw_cost ();
|   ;
|   return 0;
| }
configure:4431: result: no
configure:4442: checking for inline
configure:4458: gcc -march=native -c -O2 -I/scratch3/BMC/fim/wang/pattern/libs/shtns-2.6.6-r535/include -L/scratch3/BMC/fim/wang/pattern/libs/shtns-2.6.6-r535/lib -ffast-math -fomit-frame-pointer -std=gnu99  conftest.c >&5
configure:4458: $? = 0
configure:4466: result: inline
configure:4484: checking whether time.h and sys/time.h may both be included
configure:4504: gcc -march=native -c -O2 -I/scratch3/BMC/fim/wang/pattern/libs/shtns-2.6.6-r535/include -L/scratch3/BMC/fim/wang/pattern/libs/shtns-2.6.6-r535/lib -ffast-math -fomit-frame-pointer -std=gnu99  conftest.c >&5
configure:4504: $? = 0
configure:4511: result: yes
configure:4522: checking sys/time.h usability
configure:4522: gcc -march=native -c -O2 -I/scratch3/BMC/fim/wang/pattern/libs/shtns-2.6.6-r535/include -L/scratch3/BMC/fim/wang/pattern/libs/shtns-2.6.6-r535/lib -ffast-math -fomit-frame-pointer -std=gnu99  conftest.c >&5
configure:4522: $? = 0
configure:4522: result: yes
configure:4522: checking sys/time.h presence
configure:4522: gcc -march=native -E  conftest.c
configure:4522: $? = 0
configure:4522: result: yes
configure:4522: checking for sys/time.h
configure:4522: result: yes
configure:4522: checking c_asm.h usability
configure:4522: gcc -march=native -c -O2 -I/scratch3/BMC/fim/wang/pattern/libs/shtns-2.6.6-r535/include -L/scratch3/BMC/fim/wang/pattern/libs/shtns-2.6.6-r535/lib -ffast-math -fomit-frame-pointer -std=gnu99  conftest.c >&5
conftest.c:66:19: error: c_asm.h: No such file or directory
configure:4522: $? = 1
configure: failed program was:
| /* confdefs.h */
| #define PACKAGE_NAME "SHTns"
| #define PACKAGE_TARNAME "shtns"
| #define PACKAGE_VERSION "2.6.5"
| #define PACKAGE_STRING "SHTns 2.6.5"
| #define PACKAGE_BUGREPORT ""
| #define PACKAGE_URL "https://bitbucket.org/nschaeff/shtns"
| #define STDC_HEADERS 1
| #define HAVE_SYS_TYPES_H 1
| #define HAVE_SYS_STAT_H 1
| #define HAVE_STDLIB_H 1
| #define HAVE_STRING_H 1
| #define HAVE_MEMORY_H 1
| #define HAVE_STRINGS_H 1
| #define HAVE_INTTYPES_H 1
| #define HAVE_STDINT_H 1
| #define HAVE_UNISTD_H 1
| #define HAVE_STDLIB_H 1
| #define HAVE_STDIO_H 1
| #define HAVE_STRING_H 1
| #define HAVE_MATH_H 1
| #define HAVE_COMPLEX_H 1
| #define HAVE_LIBM 1
| #define HAVE_LIBRT 1
| #define HAVE_LIBFFTW3 1
| #define SHT_F77_API 1
| #define _GCC_VEC_ 1
| #define SHTNS_MEM 1
| #define SHT_VERBOSE 1
| #define TIME_WITH_SYS_TIME 1
| #define HAVE_SYS_TIME_H 1
| /* end confdefs.h.  */
| #include <stdio.h>
| #ifdef HAVE_SYS_TYPES_H
| # include <sys/types.h>
| #endif
| #ifdef HAVE_SYS_STAT_H
| # include <sys/stat.h>
| #endif
| #ifdef STDC_HEADERS
| # include <stdlib.h>
| # include <stddef.h>
| #else
| # ifdef HAVE_STDLIB_H
| #  include <stdlib.h>
| # endif
| #endif
| #ifdef HAVE_STRING_H
| # if !defined STDC_HEADERS && defined HAVE_MEMORY_H
| #  include <memory.h>
| # endif
| # include <string.h>
| #endif
| #ifdef HAVE_STRINGS_H
| # include <strings.h>
| #endif
| #ifdef HAVE_INTTYPES_H
| # include <inttypes.h>
| #endif
| #ifdef HAVE_STDINT_H
| # include <stdint.h>
| #endif
| #ifdef HAVE_UNISTD_H
| # include <unistd.h>
| #endif
| #include <c_asm.h>
configure:4522: result: no
configure:4522: checking c_asm.h presence
configure:4522: gcc -march=native -E  conftest.c
conftest.c:33:19: error: c_asm.h: No such file or directory
configure:4522: $? = 1
configure: failed program was:
| /* confdefs.h */
| #define PACKAGE_NAME "SHTns"
| #define PACKAGE_TARNAME "shtns"
| #define PACKAGE_VERSION "2.6.5"
| #define PACKAGE_STRING "SHTns 2.6.5"
| #define PACKAGE_BUGREPORT ""
| #define PACKAGE_URL "https://bitbucket.org/nschaeff/shtns"
| #define STDC_HEADERS 1
| #define HAVE_SYS_TYPES_H 1
| #define HAVE_SYS_STAT_H 1
| #define HAVE_STDLIB_H 1
| #define HAVE_STRING_H 1
| #define HAVE_MEMORY_H 1
| #define HAVE_STRINGS_H 1
| #define HAVE_INTTYPES_H 1
| #define HAVE_STDINT_H 1
| #define HAVE_UNISTD_H 1
| #define HAVE_STDLIB_H 1
| #define HAVE_STDIO_H 1
| #define HAVE_STRING_H 1
| #define HAVE_MATH_H 1
| #define HAVE_COMPLEX_H 1
| #define HAVE_LIBM 1
| #define HAVE_LIBRT 1
| #define HAVE_LIBFFTW3 1
| #define SHT_F77_API 1
| #define _GCC_VEC_ 1
| #define SHTNS_MEM 1
| #define SHT_VERBOSE 1
| #define TIME_WITH_SYS_TIME 1
| #define HAVE_SYS_TIME_H 1
| /* end confdefs.h.  */
| #include <c_asm.h>
configure:4522: result: no
configure:4522: checking for c_asm.h
configure:4522: result: no
configure:4522: checking intrinsics.h usability
configure:4522: gcc -march=native -c -O2 -I/scratch3/BMC/fim/wang/pattern/libs/shtns-2.6.6-r535/include -L/scratch3/BMC/fim/wang/pattern/libs/shtns-2.6.6-r535/lib -ffast-math -fomit-frame-pointer -std=gnu99  conftest.c >&5
conftest.c:66:24: error: intrinsics.h: No such file or directory
configure:4522: $? = 1
configure: failed program was:
| /* confdefs.h */
| #define PACKAGE_NAME "SHTns"
| #define PACKAGE_TARNAME "shtns"
| #define PACKAGE_VERSION "2.6.5"
| #define PACKAGE_STRING "SHTns 2.6.5"
| #define PACKAGE_BUGREPORT ""
| #define PACKAGE_URL "https://bitbucket.org/nschaeff/shtns"
| #define STDC_HEADERS 1
| #define HAVE_SYS_TYPES_H 1
| #define HAVE_SYS_STAT_H 1
| #define HAVE_STDLIB_H 1
| #define HAVE_STRING_H 1
| #define HAVE_MEMORY_H 1
| #define HAVE_STRINGS_H 1
| #define HAVE_INTTYPES_H 1
| #define HAVE_STDINT_H 1
| #define HAVE_UNISTD_H 1
| #define HAVE_STDLIB_H 1
| #define HAVE_STDIO_H 1
| #define HAVE_STRING_H 1
| #define HAVE_MATH_H 1
| #define HAVE_COMPLEX_H 1
| #define HAVE_LIBM 1
| #define HAVE_LIBRT 1
| #define HAVE_LIBFFTW3 1
| #define SHT_F77_API 1
| #define _GCC_VEC_ 1
| #define SHTNS_MEM 1
| #define SHT_VERBOSE 1
| #define TIME_WITH_SYS_TIME 1
| #define HAVE_SYS_TIME_H 1
| /* end confdefs.h.  */
| #include <stdio.h>
| #ifdef HAVE_SYS_TYPES_H
| # include <sys/types.h>
| #endif
| #ifdef HAVE_SYS_STAT_H
| # include <sys/stat.h>
| #endif
| #ifdef STDC_HEADERS
| # include <stdlib.h>
| # include <stddef.h>
| #else
| # ifdef HAVE_STDLIB_H
| #  include <stdlib.h>
| # endif
| #endif
| #ifdef HAVE_STRING_H
| # if !defined STDC_HEADERS && defined HAVE_MEMORY_H
| #  include <memory.h>
| # endif
| # include <string.h>
| #endif
| #ifdef HAVE_STRINGS_H
| # include <strings.h>
| #endif
| #ifdef HAVE_INTTYPES_H
| # include <inttypes.h>
| #endif
| #ifdef HAVE_STDINT_H
| # include <stdint.h>
| #endif
| #ifdef HAVE_UNISTD_H
| # include <unistd.h>
| #endif
| #include <intrinsics.h>
configure:4522: result: no
configure:4522: checking intrinsics.h presence
configure:4522: gcc -march=native -E  conftest.c
conftest.c:33:24: error: intrinsics.h: No such file or directory
configure:4522: $? = 1
configure: failed program was:
| /* confdefs.h */
| #define PACKAGE_NAME "SHTns"
| #define PACKAGE_TARNAME "shtns"
| #define PACKAGE_VERSION "2.6.5"
| #define PACKAGE_STRING "SHTns 2.6.5"
| #define PACKAGE_BUGREPORT ""
| #define PACKAGE_URL "https://bitbucket.org/nschaeff/shtns"
| #define STDC_HEADERS 1
| #define HAVE_SYS_TYPES_H 1
| #define HAVE_SYS_STAT_H 1
| #define HAVE_STDLIB_H 1
| #define HAVE_STRING_H 1
| #define HAVE_MEMORY_H 1
| #define HAVE_STRINGS_H 1
| #define HAVE_INTTYPES_H 1
| #define HAVE_STDINT_H 1
| #define HAVE_UNISTD_H 1
| #define HAVE_STDLIB_H 1
| #define HAVE_STDIO_H 1
| #define HAVE_STRING_H 1
| #define HAVE_MATH_H 1
| #define HAVE_COMPLEX_H 1
| #define HAVE_LIBM 1
| #define HAVE_LIBRT 1
| #define HAVE_LIBFFTW3 1
| #define SHT_F77_API 1
| #define _GCC_VEC_ 1
| #define SHTNS_MEM 1
| #define SHT_VERBOSE 1
| #define TIME_WITH_SYS_TIME 1
| #define HAVE_SYS_TIME_H 1
| /* end confdefs.h.  */
| #include <intrinsics.h>
configure:4522: result: no
configure:4522: checking for intrinsics.h
configure:4522: result: no
configure:4522: checking mach/mach_time.h usability
configure:4522: gcc -march=native -c -O2 -I/scratch3/BMC/fim/wang/pattern/libs/shtns-2.6.6-r535/include -L/scratch3/BMC/fim/wang/pattern/libs/shtns-2.6.6-r535/lib -ffast-math -fomit-frame-pointer -std=gnu99  conftest.c >&5
conftest.c:66:28: error: mach/mach_time.h: No such file or directory
configure:4522: $? = 1
configure: failed program was:
| /* confdefs.h */
| #define PACKAGE_NAME "SHTns"
| #define PACKAGE_TARNAME "shtns"
| #define PACKAGE_VERSION "2.6.5"
| #define PACKAGE_STRING "SHTns 2.6.5"
| #define PACKAGE_BUGREPORT ""
| #define PACKAGE_URL "https://bitbucket.org/nschaeff/shtns"
| #define STDC_HEADERS 1
| #define HAVE_SYS_TYPES_H 1
| #define HAVE_SYS_STAT_H 1
| #define HAVE_STDLIB_H 1
| #define HAVE_STRING_H 1
| #define HAVE_MEMORY_H 1
| #define HAVE_STRINGS_H 1
| #define HAVE_INTTYPES_H 1
| #define HAVE_STDINT_H 1
| #define HAVE_UNISTD_H 1
| #define HAVE_STDLIB_H 1
| #define HAVE_STDIO_H 1
| #define HAVE_STRING_H 1
| #define HAVE_MATH_H 1
| #define HAVE_COMPLEX_H 1
| #define HAVE_LIBM 1
| #define HAVE_LIBRT 1
| #define HAVE_LIBFFTW3 1
| #define SHT_F77_API 1
| #define _GCC_VEC_ 1
| #define SHTNS_MEM 1
| #define SHT_VERBOSE 1
| #define TIME_WITH_SYS_TIME 1
| #define HAVE_SYS_TIME_H 1
| /* end confdefs.h.  */
| #include <stdio.h>
| #ifdef HAVE_SYS_TYPES_H
| # include <sys/types.h>
| #endif
| #ifdef HAVE_SYS_STAT_H
| # include <sys/stat.h>
| #endif
| #ifdef STDC_HEADERS
| # include <stdlib.h>
| # include <stddef.h>
| #else
| # ifdef HAVE_STDLIB_H
| #  include <stdlib.h>
| # endif
| #endif
| #ifdef HAVE_STRING_H
| # if !defined STDC_HEADERS && defined HAVE_MEMORY_H
| #  include <memory.h>
| # endif
| # include <string.h>
| #endif
| #ifdef HAVE_STRINGS_H
| # include <strings.h>
| #endif
| #ifdef HAVE_INTTYPES_H
| # include <inttypes.h>
| #endif
| #ifdef HAVE_STDINT_H
| # include <stdint.h>
| #endif
| #ifdef HAVE_UNISTD_H
| # include <unistd.h>
| #endif
| #include <mach/mach_time.h>
configure:4522: result: no
configure:4522: checking mach/mach_time.h presence
configure:4522: gcc -march=native -E  conftest.c
conftest.c:33:28: error: mach/mach_time.h: No such file or directory
configure:4522: $? = 1
configure: failed program was:
| /* confdefs.h */
| #define PACKAGE_NAME "SHTns"
| #define PACKAGE_TARNAME "shtns"
| #define PACKAGE_VERSION "2.6.5"
| #define PACKAGE_STRING "SHTns 2.6.5"
| #define PACKAGE_BUGREPORT ""
| #define PACKAGE_URL "https://bitbucket.org/nschaeff/shtns"
| #define STDC_HEADERS 1
| #define HAVE_SYS_TYPES_H 1
| #define HAVE_SYS_STAT_H 1
| #define HAVE_STDLIB_H 1
| #define HAVE_STRING_H 1
| #define HAVE_MEMORY_H 1
| #define HAVE_STRINGS_H 1
| #define HAVE_INTTYPES_H 1
| #define HAVE_STDINT_H 1
| #define HAVE_UNISTD_H 1
| #define HAVE_STDLIB_H 1
| #define HAVE_STDIO_H 1
| #define HAVE_STRING_H 1
| #define HAVE_MATH_H 1
| #define HAVE_COMPLEX_H 1
| #define HAVE_LIBM 1
| #define HAVE_LIBRT 1
| #define HAVE_LIBFFTW3 1
| #define SHT_F77_API 1
| #define _GCC_VEC_ 1
| #define SHTNS_MEM 1
| #define SHT_VERBOSE 1
| #define TIME_WITH_SYS_TIME 1
| #define HAVE_SYS_TIME_H 1
| /* end confdefs.h.  */
| #include <mach/mach_time.h>
configure:4522: result: no
configure:4522: checking for mach/mach_time.h
configure:4522: result: no
configure:4533: checking for hrtime_t
configure:4533: gcc -march=native -c -O2 -I/scratch3/BMC/fim/wang/pattern/libs/shtns-2.6.6-r535/include -L/scratch3/BMC/fim/wang/pattern/libs/shtns-2.6.6-r535/lib -ffast-math -fomit-frame-pointer -std=gnu99  conftest.c >&5
conftest.c: In function 'main':
conftest.c:40: error: 'hrtime_t' undeclared (first use in this function)
conftest.c:40: error: (Each undeclared identifier is reported only once
conftest.c:40: error: for each function it appears in.)
configure:4533: $? = 1
configure: failed program was:
| /* confdefs.h */
| #define PACKAGE_NAME "SHTns"
| #define PACKAGE_TARNAME "shtns"
| #define PACKAGE_VERSION "2.6.5"
| #define PACKAGE_STRING "SHTns 2.6.5"
| #define PACKAGE_BUGREPORT ""
| #define PACKAGE_URL "https://bitbucket.org/nschaeff/shtns"
| #define STDC_HEADERS 1
| #define HAVE_SYS_TYPES_H 1
| #define HAVE_SYS_STAT_H 1
| #define HAVE_STDLIB_H 1
| #define HAVE_STRING_H 1
| #define HAVE_MEMORY_H 1
| #define HAVE_STRINGS_H 1
| #define HAVE_INTTYPES_H 1
| #define HAVE_STDINT_H 1
| #define HAVE_UNISTD_H 1
| #define HAVE_STDLIB_H 1
| #define HAVE_STDIO_H 1
| #define HAVE_STRING_H 1
| #define HAVE_MATH_H 1
| #define HAVE_COMPLEX_H 1
| #define HAVE_LIBM 1
| #define HAVE_LIBRT 1
| #define HAVE_LIBFFTW3 1
| #define SHT_F77_API 1
| #define _GCC_VEC_ 1
| #define SHTNS_MEM 1
| #define SHT_VERBOSE 1
| #define TIME_WITH_SYS_TIME 1
| #define HAVE_SYS_TIME_H 1
| /* end confdefs.h.  */
| #if HAVE_SYS_TIME_H
| #include <sys/time.h>
| #endif
| 
| int
| main ()
| {
| if (sizeof (hrtime_t))
| 	 return 0;
|   ;
|   return 0;
| }
configure:4533: result: no
configure:4547: checking for gethrtime
configure:4547: gcc -march=native -o conftest -O2 -I/scratch3/BMC/fim/wang/pattern/libs/shtns-2.6.6-r535/include -L/scratch3/BMC/fim/wang/pattern/libs/shtns-2.6.6-r535/lib -ffast-math -fomit-frame-pointer -std=gnu99   conftest.c -lfftw3 -lrt -lm  >&5
/tmp/cciJIXuN.o: In function `main':
conftest.c:(.text+0x7): undefined reference to `gethrtime'
collect2: ld returned 1 exit status
configure:4547: $? = 1
configure: failed program was:
| /* confdefs.h */
| #define PACKAGE_NAME "SHTns"
| #define PACKAGE_TARNAME "shtns"
| #define PACKAGE_VERSION "2.6.5"
| #define PACKAGE_STRING "SHTns 2.6.5"
| #define PACKAGE_BUGREPORT ""
| #define PACKAGE_URL "https://bitbucket.org/nschaeff/shtns"
| #define STDC_HEADERS 1
| #define HAVE_SYS_TYPES_H 1
| #define HAVE_SYS_STAT_H 1
| #define HAVE_STDLIB_H 1
| #define HAVE_STRING_H 1
| #define HAVE_MEMORY_H 1
| #define HAVE_STRINGS_H 1
| #define HAVE_INTTYPES_H 1
| #define HAVE_STDINT_H 1
| #define HAVE_UNISTD_H 1
| #define HAVE_STDLIB_H 1
| #define HAVE_STDIO_H 1
| #define HAVE_STRING_H 1
| #define HAVE_MATH_H 1
| #define HAVE_COMPLEX_H 1
| #define HAVE_LIBM 1
| #define HAVE_LIBRT 1
| #define HAVE_LIBFFTW3 1
| #define SHT_F77_API 1
| #define _GCC_VEC_ 1
| #define SHTNS_MEM 1
| #define SHT_VERBOSE 1
| #define TIME_WITH_SYS_TIME 1
| #define HAVE_SYS_TIME_H 1
| /* end confdefs.h.  */
| /* Define gethrtime to an innocuous variant, in case <limits.h> declares gethrtime.
|    For example, HP-UX 11i <limits.h> declares gettimeofday.  */
| #define gethrtime innocuous_gethrtime
| 
| /* System header to define __stub macros and hopefully few prototypes,
|     which can conflict with char gethrtime (); below.
|     Prefer <limits.h> to <assert.h> if __STDC__ is defined, since
|     <limits.h> exists even on freestanding compilers.  */
| 
| #ifdef __STDC__
| # include <limits.h>
| #else
| # include <assert.h>
| #endif
| 
| #undef gethrtime
| 
| /* Override any GCC internal prototype to avoid an error.
|    Use char because int might match the return type of a GCC
|    builtin and then its argument prototype would still apply.  */
| #ifdef __cplusplus
| extern "C"
| #endif
| char gethrtime ();
| /* The GNU C library defines this for functions which it implements
|     to always fail with ENOSYS.  Some functions are actually named
|     something starting with __ and the normal name is an alias.  */
| #if defined __stub_gethrtime || defined __stub___gethrtime
| choke me
| #endif
| 
| int
| main ()
| {
| return gethrtime ();
|   ;
|   return 0;
| }
configure:4547: result: no
configure:4547: checking for read_real_time
configure:4547: gcc -march=native -o conftest -O2 -I/scratch3/BMC/fim/wang/pattern/libs/shtns-2.6.6-r535/include -L/scratch3/BMC/fim/wang/pattern/libs/shtns-2.6.6-r535/lib -ffast-math -fomit-frame-pointer -std=gnu99   conftest.c -lfftw3 -lrt -lm  >&5
/tmp/ccTnqBeP.o: In function `main':
conftest.c:(.text+0x7): undefined reference to `read_real_time'
collect2: ld returned 1 exit status
configure:4547: $? = 1
configure: failed program was:
| /* confdefs.h */
| #define PACKAGE_NAME "SHTns"
| #define PACKAGE_TARNAME "shtns"
| #define PACKAGE_VERSION "2.6.5"
| #define PACKAGE_STRING "SHTns 2.6.5"
| #define PACKAGE_BUGREPORT ""
| #define PACKAGE_URL "https://bitbucket.org/nschaeff/shtns"
| #define STDC_HEADERS 1
| #define HAVE_SYS_TYPES_H 1
| #define HAVE_SYS_STAT_H 1
| #define HAVE_STDLIB_H 1
| #define HAVE_STRING_H 1
| #define HAVE_MEMORY_H 1
| #define HAVE_STRINGS_H 1
| #define HAVE_INTTYPES_H 1
| #define HAVE_STDINT_H 1
| #define HAVE_UNISTD_H 1
| #define HAVE_STDLIB_H 1
| #define HAVE_STDIO_H 1
| #define HAVE_STRING_H 1
| #define HAVE_MATH_H 1
| #define HAVE_COMPLEX_H 1
| #define HAVE_LIBM 1
| #define HAVE_LIBRT 1
| #define HAVE_LIBFFTW3 1
| #define SHT_F77_API 1
| #define _GCC_VEC_ 1
| #define SHTNS_MEM 1
| #define SHT_VERBOSE 1
| #define TIME_WITH_SYS_TIME 1
| #define HAVE_SYS_TIME_H 1
| /* end confdefs.h.  */
| /* Define read_real_time to an innocuous variant, in case <limits.h> declares read_real_time.
|    For example, HP-UX 11i <limits.h> declares gettimeofday.  */
| #define read_real_time innocuous_read_real_time
| 
| /* System header to define __stub macros and hopefully few prototypes,
|     which can conflict with char read_real_time (); below.
|     Prefer <limits.h> to <assert.h> if __STDC__ is defined, since
|     <limits.h> exists even on freestanding compilers.  */
| 
| #ifdef __STDC__
| # include <limits.h>
| #else
| # include <assert.h>
| #endif
| 
| #undef read_real_time
| 
| /* Override any GCC internal prototype to avoid an error.
|    Use char because int might match the return type of a GCC
|    builtin and then its argument prototype would still apply.  */
| #ifdef __cplusplus
| extern "C"
| #endif
| char read_real_time ();
| /* The GNU C library defines this for functions which it implements
|     to always fail with ENOSYS.  Some functions are actually named
|     something starting with __ and the normal name is an alias.  */
| #if defined __stub_read_real_time || defined __stub___read_real_time
| choke me
| #endif
| 
| int
| main ()
| {
| return read_real_time ();
|   ;
|   return 0;
| }
configure:4547: result: no
configure:4547: checking for time_base_to_time
configure:4547: gcc -march=native -o conftest -O2 -I/scratch3/BMC/fim/wang/pattern/libs/shtns-2.6.6-r535/include -L/scratch3/BMC/fim/wang/pattern/libs/shtns-2.6.6-r535/lib -ffast-math -fomit-frame-pointer -std=gnu99   conftest.c -lfftw3 -lrt -lm  >&5
/tmp/ccjMwGLU.o: In function `main':
conftest.c:(.text+0x7): undefined reference to `time_base_to_time'
collect2: ld returned 1 exit status
configure:4547: $? = 1
configure: failed program was:
| /* confdefs.h */
| #define PACKAGE_NAME "SHTns"
| #define PACKAGE_TARNAME "shtns"
| #define PACKAGE_VERSION "2.6.5"
| #define PACKAGE_STRING "SHTns 2.6.5"
| #define PACKAGE_BUGREPORT ""
| #define PACKAGE_URL "https://bitbucket.org/nschaeff/shtns"
| #define STDC_HEADERS 1
| #define HAVE_SYS_TYPES_H 1
| #define HAVE_SYS_STAT_H 1
| #define HAVE_STDLIB_H 1
| #define HAVE_STRING_H 1
| #define HAVE_MEMORY_H 1
| #define HAVE_STRINGS_H 1
| #define HAVE_INTTYPES_H 1
| #define HAVE_STDINT_H 1
| #define HAVE_UNISTD_H 1
| #define HAVE_STDLIB_H 1
| #define HAVE_STDIO_H 1
| #define HAVE_STRING_H 1
| #define HAVE_MATH_H 1
| #define HAVE_COMPLEX_H 1
| #define HAVE_LIBM 1
| #define HAVE_LIBRT 1
| #define HAVE_LIBFFTW3 1
| #define SHT_F77_API 1
| #define _GCC_VEC_ 1
| #define SHTNS_MEM 1
| #define SHT_VERBOSE 1
| #define TIME_WITH_SYS_TIME 1
| #define HAVE_SYS_TIME_H 1
| /* end confdefs.h.  */
| /* Define time_base_to_time to an innocuous variant, in case <limits.h> declares time_base_to_time.
|    For example, HP-UX 11i <limits.h> declares gettimeofday.  */
| #define time_base_to_time innocuous_time_base_to_time
| 
| /* System header to define __stub macros and hopefully few prototypes,
|     which can conflict with char time_base_to_time (); below.
|     Prefer <limits.h> to <assert.h> if __STDC__ is defined, since
|     <limits.h> exists even on freestanding compilers.  */
| 
| #ifdef __STDC__
| # include <limits.h>
| #else
| # include <assert.h>
| #endif
| 
| #undef time_base_to_time
| 
| /* Override any GCC internal prototype to avoid an error.
|    Use char because int might match the return type of a GCC
|    builtin and then its argument prototype would still apply.  */
| #ifdef __cplusplus
| extern "C"
| #endif
| char time_base_to_time ();
| /* The GNU C library defines this for functions which it implements
|     to always fail with ENOSYS.  Some functions are actually named
|     something starting with __ and the normal name is an alias.  */
| #if defined __stub_time_base_to_time || defined __stub___time_base_to_time
| choke me
| #endif
| 
| int
| main ()
| {
| return time_base_to_time ();
|   ;
|   return 0;
| }
configure:4547: result: no
configure:4547: checking for clock_gettime
configure:4547: gcc -march=native -o conftest -O2 -I/scratch3/BMC/fim/wang/pattern/libs/shtns-2.6.6-r535/include -L/scratch3/BMC/fim/wang/pattern/libs/shtns-2.6.6-r535/lib -ffast-math -fomit-frame-pointer -std=gnu99   conftest.c -lfftw3 -lrt -lm  >&5
configure:4547: $? = 0
configure:4547: result: yes
configure:4547: checking for mach_absolute_time
configure:4547: gcc -march=native -o conftest -O2 -I/scratch3/BMC/fim/wang/pattern/libs/shtns-2.6.6-r535/include -L/scratch3/BMC/fim/wang/pattern/libs/shtns-2.6.6-r535/lib -ffast-math -fomit-frame-pointer -std=gnu99   conftest.c -lfftw3 -lrt -lm  >&5
/tmp/cci0UeY5.o: In function `main':
conftest.c:(.text+0x7): undefined reference to `mach_absolute_time'
collect2: ld returned 1 exit status
configure:4547: $? = 1
configure: failed program was:
| /* confdefs.h */
| #define PACKAGE_NAME "SHTns"
| #define PACKAGE_TARNAME "shtns"
| #define PACKAGE_VERSION "2.6.5"
| #define PACKAGE_STRING "SHTns 2.6.5"
| #define PACKAGE_BUGREPORT ""
| #define PACKAGE_URL "https://bitbucket.org/nschaeff/shtns"
| #define STDC_HEADERS 1
| #define HAVE_SYS_TYPES_H 1
| #define HAVE_SYS_STAT_H 1
| #define HAVE_STDLIB_H 1
| #define HAVE_STRING_H 1
| #define HAVE_MEMORY_H 1
| #define HAVE_STRINGS_H 1
| #define HAVE_INTTYPES_H 1
| #define HAVE_STDINT_H 1
| #define HAVE_UNISTD_H 1
| #define HAVE_STDLIB_H 1
| #define HAVE_STDIO_H 1
| #define HAVE_STRING_H 1
| #define HAVE_MATH_H 1
| #define HAVE_COMPLEX_H 1
| #define HAVE_LIBM 1
| #define HAVE_LIBRT 1
| #define HAVE_LIBFFTW3 1
| #define SHT_F77_API 1
| #define _GCC_VEC_ 1
| #define SHTNS_MEM 1
| #define SHT_VERBOSE 1
| #define TIME_WITH_SYS_TIME 1
| #define HAVE_SYS_TIME_H 1
| #define HAVE_CLOCK_GETTIME 1
| /* end confdefs.h.  */
| /* Define mach_absolute_time to an innocuous variant, in case <limits.h> declares mach_absolute_time.
|    For example, HP-UX 11i <limits.h> declares gettimeofday.  */
| #define mach_absolute_time innocuous_mach_absolute_time
| 
| /* System header to define __stub macros and hopefully few prototypes,
|     which can conflict with char mach_absolute_time (); below.
|     Prefer <limits.h> to <assert.h> if __STDC__ is defined, since
|     <limits.h> exists even on freestanding compilers.  */
| 
| #ifdef __STDC__
| # include <limits.h>
| #else
| # include <assert.h>
| #endif
| 
| #undef mach_absolute_time
| 
| /* Override any GCC internal prototype to avoid an error.
|    Use char because int might match the return type of a GCC
|    builtin and then its argument prototype would still apply.  */
| #ifdef __cplusplus
| extern "C"
| #endif
| char mach_absolute_time ();
| /* The GNU C library defines this for functions which it implements
|     to always fail with ENOSYS.  Some functions are actually named
|     something starting with __ and the normal name is an alias.  */
| #if defined __stub_mach_absolute_time || defined __stub___mach_absolute_time
| choke me
| #endif
| 
| int
| main ()
| {
| return mach_absolute_time ();
|   ;
|   return 0;
| }
configure:4547: result: no
configure:4557: checking for _rtc intrinsic
configure:4573: gcc -march=native -o conftest -O2 -I/scratch3/BMC/fim/wang/pattern/libs/shtns-2.6.6-r535/include -L/scratch3/BMC/fim/wang/pattern/libs/shtns-2.6.6-r535/lib -ffast-math -fomit-frame-pointer -std=gnu99   conftest.c -lfftw3 -lrt -lm  >&5
conftest.c: In function 'main':
conftest.c:40: warning: implicit declaration of function '_rtc'
/tmp/ccFto7Va.o: In function `main':
conftest.c:(.text+0x7): undefined reference to `_rtc'
collect2: ld returned 1 exit status
configure:4573: $? = 1
configure: failed program was:
| /* confdefs.h */
| #define PACKAGE_NAME "SHTns"
| #define PACKAGE_TARNAME "shtns"
| #define PACKAGE_VERSION "2.6.5"
| #define PACKAGE_STRING "SHTns 2.6.5"
| #define PACKAGE_BUGREPORT ""
| #define PACKAGE_URL "https://bitbucket.org/nschaeff/shtns"
| #define STDC_HEADERS 1
| #define HAVE_SYS_TYPES_H 1
| #define HAVE_SYS_STAT_H 1
| #define HAVE_STDLIB_H 1
| #define HAVE_STRING_H 1
| #define HAVE_MEMORY_H 1
| #define HAVE_STRINGS_H 1
| #define HAVE_INTTYPES_H 1
| #define HAVE_STDINT_H 1
| #define HAVE_UNISTD_H 1
| #define HAVE_STDLIB_H 1
| #define HAVE_STDIO_H 1
| #define HAVE_STRING_H 1
| #define HAVE_MATH_H 1
| #define HAVE_COMPLEX_H 1
| #define HAVE_LIBM 1
| #define HAVE_LIBRT 1
| #define HAVE_LIBFFTW3 1
| #define SHT_F77_API 1
| #define _GCC_VEC_ 1
| #define SHTNS_MEM 1
| #define SHT_VERBOSE 1
| #define TIME_WITH_SYS_TIME 1
| #define HAVE_SYS_TIME_H 1
| #define HAVE_CLOCK_GETTIME 1
| /* end confdefs.h.  */
| #ifdef HAVE_INTRINSICS_H
| #include <intrinsics.h>
| #endif
| int
| main ()
| {
| _rtc()
|   ;
|   return 0;
| }
configure:4582: result: no
configure:4640: checking for gfortran
configure:4656: found /usr/bin/gfortran
configure:4667: result: gfortran
configure:4693: checking for Fortran compiler version
configure:4702: gfortran --version >&5
GNU Fortran (GCC) 4.4.7 20120313 (Red Hat 4.4.7-16)
Copyright (C) 2010 Free Software Foundation, Inc.

GNU Fortran comes with NO WARRANTY, to the extent permitted by law.
You may redistribute copies of GNU Fortran
under the terms of the GNU General Public License.
For more information about these matters, see the file named COPYING

configure:4713: $? = 0
configure:4702: gfortran -v >&5
Using built-in specs.
Target: x86_64-redhat-linux
Configured with: ../configure --prefix=/usr --mandir=/usr/share/man --infodir=/usr/share/info --with-bugurl=http://bugzilla.redhat.com/bugzilla --enable-bootstrap --enable-shared --enable-threads=posix --enable-checking=release --with-system-zlib --enable-__cxa_atexit --disable-libunwind-exceptions --enable-gnu-unique-object --enable-languages=c,c++,objc,obj-c++,java,fortran,ada --enable-java-awt=gtk --disable-dssi --with-java-home=/usr/lib/jvm/java-1.5.0-gcj-1.5.0.0/jre --enable-libgcj-multifile --enable-java-maintainer-mode --with-ecj-jar=/usr/share/java/eclipse-ecj.jar --disable-libjava-multilib --with-ppl --with-cloog --with-tune=generic --with-arch_32=i686 --build=x86_64-redhat-linux
Thread model: posix
gcc version 4.4.7 20120313 (Red Hat 4.4.7-16) (GCC) 
configure:4713: $? = 0
configure:4702: gfortran -V >&5
gfortran: '-V' option must have argument
configure:4713: $? = 1
configure:4702: gfortran -qversion >&5
gfortran: unrecognized option '-qversion'
gfortran: no input files
configure:4713: $? = 1
configure:4722: checking whether we are using the GNU Fortran compiler
configure:4735: gfortran -c   conftest.F >&5
configure:4735: $? = 0
configure:4744: result: yes
configure:4750: checking whether gfortran accepts -g
configure:4761: gfortran -c -g  conftest.f >&5
configure:4761: $? = 0
configure:4769: result: yes
configure:4922: creating ./config.status

## ---------------------- ##
## Running config.status. ##
## ---------------------- ##

This file was extended by SHTns config.status 2.6.5, which was
generated by GNU Autoconf 2.69.  Invocation command line was

  CONFIG_FILES    = 
  CONFIG_HEADERS  = 
  CONFIG_LINKS    = 
  CONFIG_COMMANDS = 
  $ ./config.status 

on tfe07

config.status:828: creating Makefile
config.status:828: creating setup.py
config.status:828: creating sht_config.h

## ---------------- ##
## Cache variables. ##
## ---------------- ##

ac_cv_c_compiler_gnu=yes
ac_cv_c_inline=inline
ac_cv_env_CC_set=
ac_cv_env_CC_value=
ac_cv_env_CFLAGS_set=
ac_cv_env_CFLAGS_value=
ac_cv_env_CPPFLAGS_set=
ac_cv_env_CPPFLAGS_value=
ac_cv_env_CPP_set=
ac_cv_env_CPP_value=
ac_cv_env_FCFLAGS_set=
ac_cv_env_FCFLAGS_value=
ac_cv_env_FC_set=
ac_cv_env_FC_value=
ac_cv_env_LDFLAGS_set=
ac_cv_env_LDFLAGS_value=
ac_cv_env_LIBS_set=
ac_cv_env_LIBS_value=
ac_cv_env_PYTHON_set=
ac_cv_env_PYTHON_value=
ac_cv_env_build_alias_set=
ac_cv_env_build_alias_value=
ac_cv_env_host_alias_set=
ac_cv_env_host_alias_value=
ac_cv_env_target_alias_set=
ac_cv_env_target_alias_value=
ac_cv_fc_compiler_gnu=yes
ac_cv_func_clock_gettime=yes
ac_cv_func_fftw_cost=no
ac_cv_func_gethrtime=no
ac_cv_func_mach_absolute_time=no
ac_cv_func_read_real_time=no
ac_cv_func_time_base_to_time=no
ac_cv_header_c_asm_h=no
ac_cv_header_complex_h=yes
ac_cv_header_intrinsics_h=no
ac_cv_header_inttypes_h=yes
ac_cv_header_mach_mach_time_h=no
ac_cv_header_math_h=yes
ac_cv_header_memory_h=yes
ac_cv_header_stdc=yes
ac_cv_header_stdint_h=yes
ac_cv_header_stdio_h=yes
ac_cv_header_stdlib_h=yes
ac_cv_header_string_h=yes
ac_cv_header_strings_h=yes
ac_cv_header_sys_stat_h=yes
ac_cv_header_sys_time_h=yes
ac_cv_header_sys_types_h=yes
ac_cv_header_time=yes
ac_cv_header_unistd_h=yes
ac_cv_lib_fftw3_fftw_plan_many_dft=yes
ac_cv_lib_m_cos=yes
ac_cv_lib_rt_clock_gettime=yes
ac_cv_objext=o
ac_cv_path_EGREP='/bin/grep -E'
ac_cv_path_GREP=/bin/grep
ac_cv_path_SED=/bin/sed
ac_cv_prog_CPP='gcc -march=native -E'
ac_cv_prog_ac_ct_CC=gcc
ac_cv_prog_ac_ct_FC=gfortran
ac_cv_prog_cc_c89=
ac_cv_prog_cc_g=yes
ac_cv_prog_fc_g=yes
ac_cv_type_hrtime_t=no
ac_cv_type_size_t=yes
ax_cv_check_cflags___ffast_math=yes
ax_cv_check_cflags___fomit_frame_pointer=yes
ax_cv_check_cflags___march_native=yes
ax_cv_check_cflags___std_gnu99=yes

## ----------------- ##
## Output variables. ##
## ----------------- ##

CC='gcc -march=native'
CFLAGS='-O2 -I/scratch3/BMC/fim/wang/pattern/libs/shtns-2.6.6-r535/include -L/scratch3/BMC/fim/wang/pattern/libs/shtns-2.6.6-r535/lib -ffast-math -fomit-frame-pointer -std=gnu99'
CPP='gcc -march=native -E'
CPPFLAGS=''
DEFS='-DHAVE_CONFIG_H'
ECHO_C=''
ECHO_N='-n'
ECHO_T=''
EGREP='/bin/grep -E'
EXEEXT=''
FC='gfortran'
FCFLAGS='-g -O2'
GREP='/bin/grep'
LDFLAGS=''
LIBOBJS=''
LIBS='-lfftw3 -lrt -lm '
LTLIBOBJS=''
OBJEXT='o'
OPENMP_CFLAGS=''
PACKAGE_BUGREPORT=''
PACKAGE_NAME='SHTns'
PACKAGE_STRING='SHTns 2.6.5'
PACKAGE_TARNAME='shtns'
PACKAGE_URL='https://bitbucket.org/nschaeff/shtns'
PACKAGE_VERSION='2.6.5'
PATH_SEPARATOR=':'
PYTHON=''
SED='/bin/sed'
SHELL='/bin/sh'
ac_ct_CC='gcc'
ac_ct_FC='gfortran'
bindir='${exec_prefix}/bin'
build_alias=''
datadir='${datarootdir}'
datarootdir='${prefix}/share'
docdir='${datarootdir}/doc/${PACKAGE_TARNAME}'
dvidir='${docdir}'
exec_prefix='${prefix}'
host_alias=''
htmldir='${docdir}'
includedir='${prefix}/include'
infodir='${datarootdir}/info'
install='install-lib'
libdir='${exec_prefix}/lib'
libexecdir='${exec_prefix}/libexec'
libname='libshtns.a'
localedir='${datarootdir}/locale'
localstatedir='${prefix}/var'
mandir='${datarootdir}/man'
numpy_inc=''
objs='sht_fly.o sht_mem.o'
oldincludedir='/usr/include'
pdfdir='${docdir}'
prefix='/scratch3/BMC/fim/wang/pattern/libs/shtns-2.6.6-r535'
program_transform_name='s,x,x,'
psdir='${docdir}'
python_inc=''
sbindir='${exec_prefix}/sbin'
sharedstatedir='${prefix}/com'
shtcc_flags='-O3'
sysconfdir='${prefix}/etc'
target='libshtns.a'
target_alias=''

## ----------- ##
## confdefs.h. ##
## ----------- ##

/* confdefs.h */
#define PACKAGE_NAME "SHTns"
#define PACKAGE_TARNAME "shtns"
#define PACKAGE_VERSION "2.6.5"
#define PACKAGE_STRING "SHTns 2.6.5"
#define PACKAGE_BUGREPORT ""
#define PACKAGE_URL "https://bitbucket.org/nschaeff/shtns"
#define STDC_HEADERS 1
#define HAVE_SYS_TYPES_H 1
#define HAVE_SYS_STAT_H 1
#define HAVE_STDLIB_H 1
#define HAVE_STRING_H 1
#define HAVE_MEMORY_H 1
#define HAVE_STRINGS_H 1
#define HAVE_INTTYPES_H 1
#define HAVE_STDINT_H 1
#define HAVE_UNISTD_H 1
#define HAVE_STDLIB_H 1
#define HAVE_STDIO_H 1
#define HAVE_STRING_H 1
#define HAVE_MATH_H 1
#define HAVE_COMPLEX_H 1
#define HAVE_LIBM 1
#define HAVE_LIBRT 1
#define HAVE_LIBFFTW3 1
#define SHT_F77_API 1
#define _GCC_VEC_ 1
#define SHTNS_MEM 1
#define SHT_VERBOSE 1
#define TIME_WITH_SYS_TIME 1
#define HAVE_SYS_TIME_H 1
#define HAVE_CLOCK_GETTIME 1

configure: exit 0
